2026-06-26 02:34:43,298 ERROR Source AMS Math Calendar (https://www.ams.org/calendar/mathcalendar.pl): 403 Client Error: Forbidden for url: https://www.ams.org/calendar/mathcalendar.pl
2026-06-26 02:34:44,274 ERROR Source COMS Calendar (https://conference-service.com/conferences/mathematics.html): 404 Client Error: Not Found for url: https://conference-service.com/conferences/mathematics.html
2026-06-26 02:34:46,908 ERROR Source ISI World Calendar (https://isi-web.org/calendar): 403 Client Error: Forbidden for url: https://isi-web.org/calendar
2026-06-26 02:34:48,609 ERROR Source KDnuggets Meetings (https://www.kdnuggets.com/meetings.html): 404 Client Error: Not Found for url: https://www.kdnuggets.com/meetings.html
2026-06-26 02:34:54,698 ERROR Source SIAM Conferences (https://www.siam.org/conferences/): 403 Client Error: Forbidden for url: https://www.siam.org/conferences/
2026-06-26 02:35:01,966 ERROR Source AllConferenceAlert India Math (https://www.allconferencealert.com/india/mathematics.html): 403 Client Error: Forbidden for url: https://www.allconferencealert.com/india/mathematics.html
2026-06-26 02:35:03,075 ERROR Source AllConferenceAlert India Stat (https://www.allconferencealert.com/india/mathematics-and-statistics.html): 403 Client Error: Forbidden for url: https://www.allconferencealert.com/india/mathematics-and-statistics.html
2026-06-26 02:35:13,354 ERROR Source Conference Alerts India Math (https://www.conferencealerts.in/india/mathematics): 403 Client Error: Forbidden for url: https://www.conferencealerts.in/india/mathematics
2026-06-26 02:35:14,923 ERROR Source Conference Alerts India Stat (https://www.conferencealerts.in/india/statistics): 403 Client Error: Forbidden for url: https://www.conferencealerts.in/india/statistics
2026-06-26 02:35:22,837 ERROR Source HRI Prayagraj (https://www.hri.res.in/): HTTPSConnectionPool(host='www.hri.res.in', port=443): Max retries exceeded with url: / (Caused by SSLError(SSLCertVerificationError(1, '[SSL: CERTIFICATE_VERIFY_FAILED] certificate verify failed: unable to get local issuer certificate (_ssl.c:1016)')))
2026-06-26 02:35:24,482 ERROR Source IISER Pune Events (https://www.iiserpune.ac.in/): HTTPSConnectionPool(host='www.iiserpune.ac.in', port=443): Max retries exceeded with url: / (Caused by SSLError(SSLCertVerificationError(1, '[SSL: CERTIFICATE_VERIFY_FAILED] certificate verify failed: self-signed certificate in certificate chain (_ssl.c:1016)')))
2026-06-26 02:35:25,328 ERROR Source IIT Bombay Math (https://www.math.iitb.ac.in/): HTTPSConnectionPool(host='www.math.iitb.ac.in', port=443): Max retries exceeded with url: / (Caused by SSLError(SSLCertVerificationError(1, '[SSL: CERTIFICATE_VERIFY_FAILED] certificate verify failed: unable to get local issuer certificate (_ssl.c:1016)')))
2026-06-26 02:35:46,075 ERROR Source IMSA India (https://www.imsaindia.org/): HTTPSConnectionPool(host='www.imsaindia.org', port=443): Max retries exceeded with url: / (Caused by ConnectTimeoutError(<HTTPSConnection(host='www.imsaindia.org', port=443) at 0x7f03ffa96c50>, 'Connection to www.imsaindia.org timed out. (connect timeout=20)'))
2026-06-26 02:36:26,340 ERROR Source ISI Kolkata Events (https://www.isical.ac.in/): HTTPSConnectionPool(host='www.isical.ac.in', port=443): Max retries exceeded with url: / (Caused by ConnectTimeoutError(<HTTPSConnection(host='www.isical.ac.in', port=443) at 0x7f040010f090>, 'Connection to www.isical.ac.in timed out. (connect timeout=20)'))
2026-06-26 02:36:30,831 ERROR Source ACM Conferences (https://www.acm.org/conferences): 403 Client Error: Forbidden for url: https://www.acm.org/conferences
2026-06-26 02:36:30,838 ERROR Source AllConferenceAlert World Math (https://www.allconferencealert.com/mathematics.html): 403 Client Error: Forbidden for url: https://www.allconferencealert.com/mathematics.html
2026-06-26 02:36:32,540 ERROR Source AllConferenceAlert World Stat (https://www.allconferencealert.com/statistics.html): 403 Client Error: Forbidden for url: https://www.allconferencealert.com/statistics.html
2026-06-26 02:36:33,478 ERROR Source Bernoulli Society Events (https://www.bernoulli-society.org/events): 404 Client Error: Not Found for url: https://www.bernoulli-society.org/events
2026-06-26 02:36:58,518 ERROR Source EMS Events (https://euro-math-soc.eu/events): HTTPSConnectionPool(host='euro-math-soc.eu', port=443): Max retries exceeded with url: /events (Caused by ConnectTimeoutError(<HTTPSConnection(host='euro-math-soc.eu', port=443) at 0x7f03ffdf3e10>, 'Connection to euro-math-soc.eu timed out. (connect timeout=20)'))
2026-06-26 02:37:10,572 ERROR Source MDPI Sciforum (https://sciforum.net/): 403 Client Error: Forbidden for url: https://sciforum.net/
2026-06-26 02:37:10,668 ERROR Source ODSC (https://odsc.com/): 403 Client Error: Forbidden for url: https://odsc.com/
2026-06-26 02:37:12,995 ERROR Source AllConferenceAlert.net India (https://www.allconferencealert.net/india/mathematics.php): 403 Client Error: Forbidden for url: https://www.allconferencealert.net/india/mathematics.php
2026-06-26 02:37:14,389 ERROR Source ConferenceAlerts.co.in India (https://conferencealerts.co.in/india/mathematics): 403 Client Error: Forbidden for url: https://conferencealerts.co.in/india/mathematics
2026-06-26 02:37:14,548 ERROR Source ConferenceNext (https://conferencenext.com/conferences/india/mathematics): 403 Client Error: Forbidden for url: https://conferencenext.com/conferences/india/mathematics
2026-06-26 02:37:18,689 ERROR Source GATE (https://gate2026.iitr.ac.in): HTTPSConnectionPool(host='gate2026.iitr.ac.in', port=443): Max retries exceeded with url: / (Caused by NameResolutionError("HTTPSConnection(host='gate2026.iitr.ac.in', port=443): Failed to resolve 'gate2026.iitr.ac.in' ([Errno -2] Name or service not known)"))
2026-06-26 02:37:27,226 ERROR Source IIT Bombay Maths (https://www.math.iitb.ac.in/NewsEvents/events.php): HTTPSConnectionPool(host='www.math.iitb.ac.in', port=443): Max retries exceeded with url: /NewsEvents/events.php (Caused by SSLError(SSLCertVerificationError(1, '[SSL: CERTIFICATE_VERIFY_FAILED] certificate verify failed: unable to get local issuer certificate (_ssl.c:1016)')))
2026-06-26 02:37:27,677 ERROR Source IIT JAM (https://jam.iitd.ac.in): HTTPSConnectionPool(host='jam.iitd.ac.in', port=443): Max retries exceeded with url: / (Caused by NameResolutionError("HTTPSConnection(host='jam.iitd.ac.in', port=443): Failed to resolve 'jam.iitd.ac.in' ([Errno -2] Name or service not known)"))
2026-06-26 02:37:28,012 ERROR Source IMS India Region (https://www.imsindianregion.org): HTTPSConnectionPool(host='www.imsindianregion.org', port=443): Max retries exceeded with url: / (Caused by NameResolutionError("HTTPSConnection(host='www.imsindianregion.org', port=443): Failed to resolve 'www.imsindianregion.org' ([Errno -2] Name or service not known)"))
2026-06-26 02:37:28,063 ERROR Source IMSc Chennai Seminars (https://www.imsc.res.in/seminar-list): 403 Client Error: Forbidden for url: https://www.imsc.res.in/seminar-list
2026-06-26 02:37:28,127 ERROR Source Indian Mathematical Society (https://www.indianmathsoc.org.in): HTTPSConnectionPool(host='www.indianmathsoc.org.in', port=443): Max retries exceeded with url: / (Caused by NameResolutionError("HTTPSConnection(host='www.indianmathsoc.org.in', port=443): Failed to resolve 'www.indianmathsoc.org.in' ([Errno -2] Name or service not known)"))
2026-06-26 02:37:33,542 ERROR Source ISI Delhi (https://www.isid.ac.in): HTTPSConnectionPool(host='www.isid.ac.in', port=443): Max retries exceeded with url: / (Caused by SSLError(SSLCertVerificationError(1, '[SSL: CERTIFICATE_VERIFY_FAILED] certificate verify failed: self-signed certificate in certificate chain (_ssl.c:1016)')))
2026-06-26 02:37:35,702 ERROR Source NBHM (https://nbhm.dae.gov.in): HTTPSConnectionPool(host='nbhm.dae.gov.in', port=443): Max retries exceeded with url: / (Caused by SSLError(SSLCertVerificationError(1, '[SSL: CERTIFICATE_VERIFY_FAILED] certificate verify failed: unable to get local issuer certificate (_ssl.c:1016)')))
2026-06-26 02:37:35,740 ERROR Source NBHM Scholarships (https://www.imsc.res.in/~nbhm): 403 Client Error: Forbidden for url: https://www.imsc.res.in/~nbhm
2026-06-26 02:37:41,966 ERROR Source TIFR Admissions (https://www.tifr.res.in/~gscft/): 404 Client Error: Not Found for url: https://www.tifr.res.in/~gscft/
2026-06-26 02:37:43,287 ERROR Source 10times (https://10times.com/data-science): 403 Client Error: Forbidden for url: https://10times.com/data-science
2026-06-26 02:37:43,318 ERROR Source AllConferenceAlert Com (https://www.allconferencealert.com/applied-mathematics.html): 403 Client Error: Forbidden for url: https://www.allconferencealert.com/applied-mathematics.html
2026-06-26 02:37:43,439 ERROR Source AMS (https://www.ams.org): 403 Client Error: Forbidden for url: https://www.ams.org/
2026-06-26 02:37:45,242 ERROR Source AMS Mathematics Calendar (https://www.ams.org/meetings/math-calendar): 403 Client Error: Forbidden for url: https://www.ams.org/meetings/math-calendar
2026-06-26 02:37:46,956 ERROR Source BigEvent (https://bigevent.io/events/category/data-science/): 403 Client Error: Forbidden for url: https://bigevent.io/events/category/data-science/
2026-06-26 02:37:48,238 ERROR Source ConferenceAlert (https://www.conferencealerts.com/mathematics): 404 Client Error: Not Found for url: https://conferencealerts.com/mathematics
2026-06-26 02:38:11,910 ERROR Source EMS (https://www.euro-math-soc.eu): HTTPSConnectionPool(host='www.euro-math-soc.eu', port=443): Max retries exceeded with url: / (Caused by ConnectTimeoutError(<HTTPSConnection(host='www.euro-math-soc.eu', port=443) at 0x7f03ff2d6810>, 'Connection to www.euro-math-soc.eu timed out. (connect timeout=20)'))
2026-06-26 02:38:13,245 ERROR Source IEEE Conferences (https://conferences.ieee.org/conferences_events/conferences/browse/search?q=mathematics): 404 Client Error: Not Found for url: https://conferences.ieee.org/conferences_events/conferences/browse/search?q=mathematics
2026-06-26 02:38:14,880 ERROR Source ISI (https://www.isi-web.org): 403 Client Error: Forbidden for url: https://www.isi-web.org/
2026-06-26 02:38:16,892 ERROR Source MathSeminars.org (https://mathseminars.org): HTTPSConnectionPool(host='mathseminars.org', port=443): Max retries exceeded with url: / (Caused by SSLError(SSLCertVerificationError(1, "[SSL: CERTIFICATE_VERIFY_FAILED] certificate verify failed: Hostname mismatch, certificate is not valid for 'mathseminars.org'. (_ssl.c:1016)")))
2026-06-26 02:38:17,837 ERROR Source ResearchBib (https://researchbib.com/): HTTPSConnectionPool(host='researchbib.com', port=443): Max retries exceeded with url: / (Caused by SSLError(SSLCertVerificationError(1, "[SSL: CERTIFICATE_VERIFY_FAILED] certificate verify failed: Hostname mismatch, certificate is not valid for 'researchbib.com'. (_ssl.c:1016)")))
2026-06-26 02:38:17,910 ERROR Source ResearchGate (https://www.researchgate.net): 403 Client Error: Forbidden for url: https://www.researchgate.net/
2026-06-26 02:38:19,371 ERROR Source SIAM (https://www.siam.org): 403 Client Error: Forbidden for url: https://www.siam.org/
2026-06-26 02:38:27,742 ERROR Source WASET DS (https://waset.org/data-science-conferences): 403 Client Error: Forbidden for url: https://waset.org/data-science-conferences
2026-06-26 02:38:28,977 ERROR Source WASET Math (https://waset.org/mathematics-conferences): 403 Client Error: Forbidden for url: https://waset.org/mathematics-conferences
2026-06-26 02:38:29,991 ERROR Source WASET Stat (https://waset.org/statistics-conferences): 403 Client Error: Forbidden for url: https://waset.org/statistics-conferences
